        -:    0:Source:D:/RSA/main.cpp
        -:    0:Graph:D:\RSA\cmake-build-debug-coverage\CMakeFiles\RSA.dir\main.cpp.gcno
        -:    0:Data:D:\RSA\cmake-build-debug-coverage\CMakeFiles\RSA.dir\main.cpp.gcda
        -:    0:Runs:1
        -:    0:Programs:1
        -:    1:#include <iostream>
        -:    2:#include <vector>
        -:    3:#include <fstream>
        -:    4:#include "RSA.h"
        -:    5:using namespace std;
        -:    6:
function main called 1 returned 0% blocks executed 67%
        1:    7:int main(){
        1:    8:    rsa();
        1:    8-block  0
call    0 returned 0
    #####:    9:}
